# JRE version: Java(TM) SE Runtime Environment (8.0_71-b15) (build 1.8.0_71-b15)
# Java VM: Java HotSpot(TM) 64-Bit Server VM (25.71-b15 mixed mode windows-amd64 compressed oops)
Heap:
 PSYoungGen      total 366080K, used 36567K [0x00000000d6100000, 0x00000000ede80000, 0x0000000100000000)
  eden space 348672K, 10% used [0x00000000d6100000,0x00000000d84b5ff8,0x00000000eb580000)
  from space 17408K, 0% used [0x00000000ec600000,0x00000000ec600000,0x00000000ed700000)
  to   space 16896K, 0% used [0x00000000eb580000,0x00000000eb580000,0x00000000ec600000)
 ParOldGen       total 112128K, used 31948K [0x0000000082200000, 0x0000000088f80000, 0x00000000d6100000)
  object space 112128K, 28% used [0x0000000082200000,0x0000000084133200,0x0000000088f80000)
 Metaspace       used 56275K, capacity 59818K, committed 59944K, reserved 1101824K
  class space    used 7618K, capacity 8199K, committed 8240K, reserved 1048576K
GC Heap History (10 events):
Event: 17.743 GC heap before
{Heap before GC invocations=11 (full 2):
 PSYoungGen      total 205824K, used 9619K [0x00000000d6100000, 0x00000000e8000000, 0x0000000100000000)
  eden space 192512K, 0% used [0x00000000d6100000,0x00000000d6100000,0x00000000e1d00000)
  from space 13312K, 72% used [0x00000000e1d00000,0x00000000e2664d10,0x00000000e2a00000)
  to   space 13824K, 0% used [0x00000000e7280000,0x00000000e7280000,0x00000000e8000000)
 ParOldGen       total 52224K, used 10399K [0x0000000082200000, 0x0000000085500000, 0x00000000d6100000)
  object space 52224K, 19% used [0x0000000082200000,0x0000000082c27cd0,0x0000000085500000)
 Metaspace       used 33444K, capacity 35292K, committed 35496K, reserved 1079296K
  class space    used 4328K, capacity 4674K, committed 4784K, reserved 1048576K
Event: 17.892 GC heap after
Heap after GC invocations=11 (full 2):
 PSYoungGen      total 205824K, used 0K [0x00000000d6100000, 0x00000000e8000000, 0x0000000100000000)
  eden space 192512K, 0% used [0x00000000d6100000,0x00000000d6100000,0x00000000e1d00000)
  from space 13312K, 0% used [0x00000000e1d00000,0x00000000e1d00000,0x00000000e2a00000)
  to   space 13824K, 0% used [0x00000000e7280000,0x00000000e7280000,0x00000000e8000000)
 ParOldGen       total 74752K, used 15990K [0x0000000082200000, 0x0000000086b00000, 0x00000000d6100000)
  object space 74752K, 21% used [0x0000000082200000,0x000000008319dba8,0x0000000086b00000)
 Metaspace       used 33444K, capacity 35292K, committed 35496K, reserved 1079296K
  class space    used 4328K, capacity 4674K, committed 4784K, reserved 1048576K
}
Event: 23.509 GC heap before
{Heap before GC invocations=12 (full 2):
 PSYoungGen      total 205824K, used 192512K [0x00000000d6100000, 0x00000000e8000000, 0x0000000100000000)
  eden space 192512K, 100% used [0x00000000d6100000,0x00000000e1d00000,0x00000000e1d00000)
  from space 13312K, 0% used [0x00000000e1d00000,0x00000000e1d00000,0x00000000e2a00000)
  to   space 13824K, 0% used [0x00000000e7280000,0x00000000e7280000,0x00000000e8000000)
 ParOldGen       total 74752K, used 15990K [0x0000000082200000, 0x0000000086b00000, 0x00000000d6100000)
  object space 74752K, 21% used [0x0000000082200000,0x000000008319dba8,0x0000000086b00000)
 Metaspace       used 47004K, capacity 49134K, committed 49448K, reserved 1091584K
  class space    used 6273K, capacity 6675K, committed 6704K, reserved 1048576K
Event: 23.525 GC heap after
Heap after GC invocations=12 (full 2):
 PSYoungGen      total 272896K, used 13797K [0x00000000d6100000, 0x00000000e8000000, 0x0000000100000000)
  eden space 259072K, 0% used [0x00000000d6100000,0x00000000d6100000,0x00000000e5e00000)
  from space 13824K, 99% used [0x00000000e7280000,0x00000000e7ff94b8,0x00000000e8000000)
  to   space 16896K, 0% used [0x00000000e5f00000,0x00000000e5f00000,0x00000000e6f80000)
 ParOldGen       total 74752K, used 18951K [0x0000000082200000, 0x0000000086b00000, 0x00000000d6100000)
  object space 74752K, 25% used [0x0000000082200000,0x0000000083481cb0,0x0000000086b00000)
 Metaspace       used 47004K, capacity 49134K, committed 49448K, reserved 1091584K
  class space    used 6273K, capacity 6675K, committed 6704K, reserved 1048576K
}
Event: 24.896 GC heap before
{Heap before GC invocations=13 (full 2):
 PSYoungGen      total 272896K, used 272869K [0x00000000d6100000, 0x00000000e8000000, 0x0000000100000000)
  eden space 259072K, 100% used [0x00000000d6100000,0x00000000e5e00000,0x00000000e5e00000)
  from space 13824K, 99% used [0x00000000e7280000,0x00000000e7ff94b8,0x00000000e8000000)
  to   space 16896K, 0% used [0x00000000e5f00000,0x00000000e5f00000,0x00000000e6f80000)
 ParOldGen       total 74752K, used 18951K [0x0000000082200000, 0x0000000086b00000, 0x00000000d6100000)
  object space 74752K, 25% used [0x0000000082200000,0x0000000083481cb0,0x0000000086b00000)
 Metaspace       used 53183K, capacity 56216K, committed 56360K, reserved 1097728K
  class space    used 7105K, capacity 7624K, committed 7728K, reserved 1048576K
Event: 24.916 GC heap after
Heap after GC invocations=13 (full 2):
 PSYoungGen      total 276992K, used 11778K [0x00000000d6100000, 0x00000000ed700000, 0x0000000100000000)
  eden space 260096K, 0% used [0x00000000d6100000,0x00000000d6100000,0x00000000e5f00000)
  from space 16896K, 69% used [0x00000000e5f00000,0x00000000e6a80aa0,0x00000000e6f80000)
  to   space 17408K, 0% used [0x00000000ec600000,0x00000000ec600000,0x00000000ed700000)
 ParOldGen       total 74752K, used 24963K [0x0000000082200000, 0x0000000086b00000, 0x00000000d6100000)
  object space 74752K, 33% used [0x0000000082200000,0x0000000083a60e80,0x0000000086b00000)
 Metaspace       used 53183K, capacity 56216K, committed 56360K, reserved 1097728K
  class space    used 7105K, capacity 7624K, committed 7728K, reserved 1048576K
}
Event: 25.457 GC heap before
{Heap before GC invocations=14 (full 2):
 PSYoungGen      total 276992K, used 95916K [0x00000000d6100000, 0x00000000ed700000, 0x0000000100000000)
  eden space 260096K, 32% used [0x00000000d6100000,0x00000000db32a6c0,0x00000000e5f00000)
  from space 16896K, 69% used [0x00000000e5f00000,0x00000000e6a80aa0,0x00000000e6f80000)
  to   space 17408K, 0% used [0x00000000ec600000,0x00000000ec600000,0x00000000ed700000)
 ParOldGen       total 74752K, used 24963K [0x0000000082200000, 0x0000000086b00000, 0x00000000d6100000)
  object space 74752K, 33% used [0x0000000082200000,0x0000000083a60e80,0x0000000086b00000)
 Metaspace       used 55598K, capacity 59034K, committed 59160K, reserved 1099776K
  class space    used 7448K, capacity 8023K, committed 8112K, reserved 1048576K
Event: 25.472 GC heap after
Heap after GC invocations=14 (full 2):
 PSYoungGen      total 366080K, used 4965K [0x00000000d6100000, 0x00000000ede80000, 0x0000000100000000)
  eden space 348672K, 0% used [0x00000000d6100000,0x00000000d6100000,0x00000000eb580000)
  from space 17408K, 28% used [0x00000000ec600000,0x00000000ecad9670,0x00000000ed700000)
  to   space 16896K, 0% used [0x00000000eb580000,0x00000000eb580000,0x00000000ec600000)
 ParOldGen       total 74752K, used 32708K [0x0000000082200000, 0x0000000086b00000, 0x00000000d6100000)
  object space 74752K, 43% used [0x0000000082200000,0x00000000841f1028,0x0000000086b00000)
 Metaspace       used 55598K, capacity 59034K, committed 59160K, reserved 1099776K
  class space    used 7448K, capacity 8023K, committed 8112K, reserved 1048576K
}
Event: 25.472 GC heap before
{Heap before GC invocations=15 (full 3):
 PSYoungGen      total 366080K, used 4965K [0x00000000d6100000, 0x00000000ede80000, 0x0000000100000000)
  eden space 348672K, 0% used [0x00000000d6100000,0x00000000d6100000,0x00000000eb580000)
  from space 17408K, 28% used [0x00000000ec600000,0x00000000ecad9670,0x00000000ed700000)
  to   space 16896K, 0% used [0x00000000eb580000,0x00000000eb580000,0x00000000ec600000)
 ParOldGen       total 74752K, used 32708K [0x0000000082200000, 0x0000000086b00000, 0x00000000d6100000)
  object space 74752K, 43% used [0x0000000082200000,0x00000000841f1028,0x0000000086b00000)
 Metaspace       used 55598K, capacity 59034K, committed 59160K, reserved 1099776K
  class space    used 7448K, capacity 8023K, committed 8112K, reserved 1048576K
Event: 25.718 GC heap after
Heap after GC invocations=15 (full 3):
 PSYoungGen      total 366080K, used 0K [0x00000000d6100000, 0x00000000ede80000, 0x0000000100000000)
  eden space 348672K, 0% used [0x00000000d6100000,0x00000000d6100000,0x00000000eb580000)
  from space 17408K, 0% used [0x00000000ec600000,0x00000000ec600000,0x00000000ed700000)
  to   space 16896K, 0% used [0x00000000eb580000,0x00000000eb580000,0x00000000ec600000)
 ParOldGen       total 112128K, used 31948K [0x0000000082200000, 0x0000000088f80000, 0x00000000d6100000)
  object space 112128K, 28% used [0x0000000082200000,0x0000000084133200,0x0000000088f80000)
 Metaspace       used 55522K, capacity 58914K, committed 59160K, reserved 1099776K
  class space    used 7437K, capacity 8003K, committed 8112K, reserved 1048576K
}

