# JRE version: Java(TM) SE Runtime Environment (8.0_71-b15) (build 1.8.0_71-b15)
# Java VM: Java HotSpot(TM) 64-Bit Server VM (25.71-b15 mixed mode windows-amd64 compressed oops)
Heap:
 PSYoungGen      total 366080K, used 36283K [0x00000000d6100000, 0x00000000ede80000, 0x0000000100000000)
  eden space 348672K, 10% used [0x00000000d6100000,0x00000000d846ec80,0x00000000eb580000)
  from space 17408K, 0% used [0x00000000ec680000,0x00000000ec680000,0x00000000ed780000)
  to   space 17408K, 0% used [0x00000000eb580000,0x00000000eb580000,0x00000000ec680000)
 ParOldGen       total 114688K, used 31985K [0x0000000082200000, 0x0000000089200000, 0x00000000d6100000)
  object space 114688K, 27% used [0x0000000082200000,0x000000008413c638,0x0000000089200000)
 Metaspace       used 56268K, capacity 59838K, committed 59944K, reserved 1101824K
  class space    used 7622K, capacity 8199K, committed 8240K, reserved 1048576K
GC Heap History (10 events):
Event: 7.781 GC heap before
{Heap before GC invocations=11 (full 2):
 PSYoungGen      total 207360K, used 9810K [0x00000000d6100000, 0x00000000e8680000, 0x0000000100000000)
  eden space 193536K, 0% used [0x00000000d6100000,0x00000000d6100000,0x00000000e1e00000)
  from space 13824K, 70% used [0x00000000e1e00000,0x00000000e2794810,0x00000000e2b80000)
  to   space 13824K, 0% used [0x00000000e7900000,0x00000000e7900000,0x00000000e8680000)
 ParOldGen       total 52224K, used 10346K [0x0000000082200000, 0x0000000085500000, 0x00000000d6100000)
  object space 52224K, 19% used [0x0000000082200000,0x0000000082c1aa30,0x0000000085500000)
 Metaspace       used 33482K, capacity 35318K, committed 35496K, reserved 1079296K
  class space    used 4327K, capacity 4665K, committed 4784K, reserved 1048576K
Event: 7.881 GC heap after
Heap after GC invocations=11 (full 2):
 PSYoungGen      total 207360K, used 0K [0x00000000d6100000, 0x00000000e8680000, 0x0000000100000000)
  eden space 193536K, 0% used [0x00000000d6100000,0x00000000d6100000,0x00000000e1e00000)
  from space 13824K, 0% used [0x00000000e1e00000,0x00000000e1e00000,0x00000000e2b80000)
  to   space 13824K, 0% used [0x00000000e7900000,0x00000000e7900000,0x00000000e8680000)
 ParOldGen       total 75264K, used 16195K [0x0000000082200000, 0x0000000086b80000, 0x00000000d6100000)
  object space 75264K, 21% used [0x0000000082200000,0x00000000831d0cc8,0x0000000086b80000)
 Metaspace       used 33482K, capacity 35318K, committed 35496K, reserved 1079296K
  class space    used 4327K, capacity 4665K, committed 4784K, reserved 1048576K
}
Event: 9.724 GC heap before
{Heap before GC invocations=12 (full 2):
 PSYoungGen      total 207360K, used 193536K [0x00000000d6100000, 0x00000000e8680000, 0x0000000100000000)
  eden space 193536K, 100% used [0x00000000d6100000,0x00000000e1e00000,0x00000000e1e00000)
  from space 13824K, 0% used [0x00000000e1e00000,0x00000000e1e00000,0x00000000e2b80000)
  to   space 13824K, 0% used [0x00000000e7900000,0x00000000e7900000,0x00000000e8680000)
 ParOldGen       total 75264K, used 16195K [0x0000000082200000, 0x0000000086b80000, 0x00000000d6100000)
  object space 75264K, 21% used [0x0000000082200000,0x00000000831d0cc8,0x0000000086b80000)
 Metaspace       used 47381K, capacity 49536K, committed 49832K, reserved 1091584K
  class space    used 6328K, capacity 6740K, committed 6832K, reserved 1048576K
Event: 9.743 GC heap after
Heap after GC invocations=12 (full 2):
 PSYoungGen      total 275456K, used 13816K [0x00000000d6100000, 0x00000000e8680000, 0x0000000100000000)
  eden space 261632K, 0% used [0x00000000d6100000,0x00000000d6100000,0x00000000e6080000)
  from space 13824K, 99% used [0x00000000e7900000,0x00000000e867e208,0x00000000e8680000)
  to   space 17408K, 0% used [0x00000000e6480000,0x00000000e6480000,0x00000000e7580000)
 ParOldGen       total 75264K, used 19991K [0x0000000082200000, 0x0000000086b80000, 0x00000000d6100000)
  object space 75264K, 26% used [0x0000000082200000,0x0000000083585ed8,0x0000000086b80000)
 Metaspace       used 47381K, capacity 49536K, committed 49832K, reserved 1091584K
  class space    used 6328K, capacity 6740K, committed 6832K, reserved 1048576K
}
Event: 11.332 GC heap before
{Heap before GC invocations=13 (full 2):
 PSYoungGen      total 275456K, used 275448K [0x00000000d6100000, 0x00000000e8680000, 0x0000000100000000)
  eden space 261632K, 100% used [0x00000000d6100000,0x00000000e6080000,0x00000000e6080000)
  from space 13824K, 99% used [0x00000000e7900000,0x00000000e867e208,0x00000000e8680000)
  to   space 17408K, 0% used [0x00000000e6480000,0x00000000e6480000,0x00000000e7580000)
 ParOldGen       total 75264K, used 19991K [0x0000000082200000, 0x0000000086b80000, 0x00000000d6100000)
  object space 75264K, 26% used [0x0000000082200000,0x0000000083585ed8,0x0000000086b80000)
 Metaspace       used 53239K, capacity 56202K, committed 56360K, reserved 1097728K
  class space    used 7110K, capacity 7629K, committed 7728K, reserved 1048576K
Event: 11.353 GC heap after
Heap after GC invocations=13 (full 2):
 PSYoungGen      total 283136K, used 11000K [0x00000000d6100000, 0x00000000ed780000, 0x0000000100000000)
  eden space 265728K, 0% used [0x00000000d6100000,0x00000000d6100000,0x00000000e6480000)
  from space 17408K, 63% used [0x00000000e6480000,0x00000000e6f3e168,0x00000000e7580000)
  to   space 17408K, 0% used [0x00000000ec680000,0x00000000ec680000,0x00000000ed780000)
 ParOldGen       total 75264K, used 26495K [0x0000000082200000, 0x0000000086b80000, 0x00000000d6100000)
  object space 75264K, 35% used [0x0000000082200000,0x0000000083bdffb8,0x0000000086b80000)
 Metaspace       used 53239K, capacity 56202K, committed 56360K, reserved 1097728K
  class space    used 7110K, capacity 7629K, committed 7728K, reserved 1048576K
}
Event: 11.950 GC heap before
{Heap before GC invocations=14 (full 2):
 PSYoungGen      total 283136K, used 83901K [0x00000000d6100000, 0x00000000ed780000, 0x0000000100000000)
  eden space 265728K, 27% used [0x00000000d6100000,0x00000000da831650,0x00000000e6480000)
  from space 17408K, 63% used [0x00000000e6480000,0x00000000e6f3e168,0x00000000e7580000)
  to   space 17408K, 0% used [0x00000000ec680000,0x00000000ec680000,0x00000000ed780000)
 ParOldGen       total 75264K, used 26495K [0x0000000082200000, 0x0000000086b80000, 0x00000000d6100000)
  object space 75264K, 35% used [0x0000000082200000,0x0000000083bdffb8,0x0000000086b80000)
 Metaspace       used 55597K, capacity 59054K, committed 59160K, reserved 1099776K
  class space    used 7445K, capacity 8023K, committed 8112K, reserved 1048576K
Event: 11.966 GC heap after
Heap after GC invocations=14 (full 2):
 PSYoungGen      total 366080K, used 4821K [0x00000000d6100000, 0x00000000ede80000, 0x0000000100000000)
  eden space 348672K, 0% used [0x00000000d6100000,0x00000000d6100000,0x00000000eb580000)
  from space 17408K, 27% used [0x00000000ec680000,0x00000000ecb35468,0x00000000ed780000)
  to   space 17408K, 0% used [0x00000000eb580000,0x00000000eb580000,0x00000000ec680000)
 ParOldGen       total 75264K, used 33852K [0x0000000082200000, 0x0000000086b80000, 0x00000000d6100000)
  object space 75264K, 44% used [0x0000000082200000,0x000000008430f190,0x0000000086b80000)
 Metaspace       used 55597K, capacity 59054K, committed 59160K, reserved 1099776K
  class space    used 7445K, capacity 8023K, committed 8112K, reserved 1048576K
}
Event: 11.966 GC heap before
{Heap before GC invocations=15 (full 3):
 PSYoungGen      total 366080K, used 4821K [0x00000000d6100000, 0x00000000ede80000, 0x0000000100000000)
  eden space 348672K, 0% used [0x00000000d6100000,0x00000000d6100000,0x00000000eb580000)
  from space 17408K, 27% used [0x00000000ec680000,0x00000000ecb35468,0x00000000ed780000)
  to   space 17408K, 0% used [0x00000000eb580000,0x00000000eb580000,0x00000000ec680000)
 ParOldGen       total 75264K, used 33852K [0x0000000082200000, 0x0000000086b80000, 0x00000000d6100000)
  object space 75264K, 44% used [0x0000000082200000,0x000000008430f190,0x0000000086b80000)
 Metaspace       used 55597K, capacity 59054K, committed 59160K, reserved 1099776K
  class space    used 7445K, capacity 8023K, committed 8112K, reserved 1048576K
Event: 12.213 GC heap after
Heap after GC invocations=15 (full 3):
 PSYoungGen      total 366080K, used 0K [0x00000000d6100000, 0x00000000ede80000, 0x0000000100000000)
  eden space 348672K, 0% used [0x00000000d6100000,0x00000000d6100000,0x00000000eb580000)
  from space 17408K, 0% used [0x00000000ec680000,0x00000000ec680000,0x00000000ed780000)
  to   space 17408K, 0% used [0x00000000eb580000,0x00000000eb580000,0x00000000ec680000)
 ParOldGen       total 114688K, used 31985K [0x0000000082200000, 0x0000000089200000, 0x00000000d6100000)
  object space 114688K, 27% used [0x0000000082200000,0x000000008413c638,0x0000000089200000)
 Metaspace       used 55522K, capacity 58934K, committed 59160K, reserved 1099776K
  class space    used 7434K, capacity 8003K, committed 8112K, reserved 1048576K
}

