# JRE version: Java(TM) SE Runtime Environment (8.0_71-b15) (build 1.8.0_71-b15)
# Java VM: Java HotSpot(TM) 64-Bit Server VM (25.71-b15 mixed mode windows-amd64 compressed oops)
Heap:
 PSYoungGen      total 328192K, used 32253K [0x00000000d6100000, 0x00000000eb280000, 0x0000000100000000)
  eden space 311808K, 10% used [0x00000000d6100000,0x00000000d807f718,0x00000000e9180000)
  from space 16384K, 0% used [0x00000000ea280000,0x00000000ea280000,0x00000000eb280000)
  to   space 16896K, 0% used [0x00000000e9180000,0x00000000e9180000,0x00000000ea200000)
 ParOldGen       total 119296K, used 31977K [0x0000000082200000, 0x0000000089680000, 0x00000000d6100000)
  object space 119296K, 26% used [0x0000000082200000,0x000000008413a4b0,0x0000000089680000)
 Metaspace       used 56305K, capacity 59854K, committed 59944K, reserved 1101824K
  class space    used 7616K, capacity 8202K, committed 8240K, reserved 1048576K
GC Heap History (10 events):
Event: 6.526 GC heap before
{Heap before GC invocations=11 (full 2):
 PSYoungGen      total 193536K, used 9840K [0x00000000d6100000, 0x00000000e6b80000, 0x0000000100000000)
  eden space 179712K, 0% used [0x00000000d6100000,0x00000000d6100000,0x00000000e1080000)
  from space 13824K, 71% used [0x00000000e1080000,0x00000000e1a1c3b8,0x00000000e1e00000)
  to   space 14336K, 0% used [0x00000000e5d80000,0x00000000e5d80000,0x00000000e6b80000)
 ParOldGen       total 53760K, used 10231K [0x0000000082200000, 0x0000000085680000, 0x00000000d6100000)
  object space 53760K, 19% used [0x0000000082200000,0x0000000082bfdd30,0x0000000085680000)
 Metaspace       used 33485K, capacity 35322K, committed 35496K, reserved 1079296K
  class space    used 4326K, capacity 4665K, committed 4784K, reserved 1048576K
Event: 6.609 GC heap after
Heap after GC invocations=11 (full 2):
 PSYoungGen      total 193536K, used 0K [0x00000000d6100000, 0x00000000e6b80000, 0x0000000100000000)
  eden space 179712K, 0% used [0x00000000d6100000,0x00000000d6100000,0x00000000e1080000)
  from space 13824K, 0% used [0x00000000e1080000,0x00000000e1080000,0x00000000e1e00000)
  to   space 14336K, 0% used [0x00000000e5d80000,0x00000000e5d80000,0x00000000e6b80000)
 ParOldGen       total 78336K, used 16184K [0x0000000082200000, 0x0000000086e80000, 0x00000000d6100000)
  object space 78336K, 20% used [0x0000000082200000,0x00000000831ce358,0x0000000086e80000)
 Metaspace       used 33485K, capacity 35322K, committed 35496K, reserved 1079296K
  class space    used 4326K, capacity 4665K, committed 4784K, reserved 1048576K
}
Event: 8.321 GC heap before
{Heap before GC invocations=12 (full 2):
 PSYoungGen      total 193536K, used 179712K [0x00000000d6100000, 0x00000000e6b80000, 0x0000000100000000)
  eden space 179712K, 100% used [0x00000000d6100000,0x00000000e1080000,0x00000000e1080000)
  from space 13824K, 0% used [0x00000000e1080000,0x00000000e1080000,0x00000000e1e00000)
  to   space 14336K, 0% used [0x00000000e5d80000,0x00000000e5d80000,0x00000000e6b80000)
 ParOldGen       total 78336K, used 16184K [0x0000000082200000, 0x0000000086e80000, 0x00000000d6100000)
  object space 78336K, 20% used [0x0000000082200000,0x00000000831ce358,0x0000000086e80000)
 Metaspace       used 46457K, capacity 48578K, committed 48936K, reserved 1091584K
  class space    used 6192K, capacity 6597K, committed 6704K, reserved 1048576K
Event: 8.339 GC heap after
Heap after GC invocations=12 (full 2):
 PSYoungGen      total 252928K, used 14315K [0x00000000d6100000, 0x00000000e6b80000, 0x0000000100000000)
  eden space 238592K, 0% used [0x00000000d6100000,0x00000000d6100000,0x00000000e4a00000)
  from space 14336K, 99% used [0x00000000e5d80000,0x00000000e6b7aea0,0x00000000e6b80000)
  to   space 16896K, 0% used [0x00000000e4a80000,0x00000000e4a80000,0x00000000e5b00000)
 ParOldGen       total 78336K, used 18153K [0x0000000082200000, 0x0000000086e80000, 0x00000000d6100000)
  object space 78336K, 23% used [0x0000000082200000,0x00000000833ba7a0,0x0000000086e80000)
 Metaspace       used 46457K, capacity 48578K, committed 48936K, reserved 1091584K
  class space    used 6192K, capacity 6597K, committed 6704K, reserved 1048576K
}
Event: 9.806 GC heap before
{Heap before GC invocations=13 (full 2):
 PSYoungGen      total 252928K, used 252907K [0x00000000d6100000, 0x00000000e6b80000, 0x0000000100000000)
  eden space 238592K, 100% used [0x00000000d6100000,0x00000000e4a00000,0x00000000e4a00000)
  from space 14336K, 99% used [0x00000000e5d80000,0x00000000e6b7aea0,0x00000000e6b80000)
  to   space 16896K, 0% used [0x00000000e4a80000,0x00000000e4a80000,0x00000000e5b00000)
 ParOldGen       total 78336K, used 18153K [0x0000000082200000, 0x0000000086e80000, 0x00000000d6100000)
  object space 78336K, 23% used [0x0000000082200000,0x00000000833ba7a0,0x0000000086e80000)
 Metaspace       used 53034K, capacity 56004K, committed 56232K, reserved 1097728K
  class space    used 7094K, capacity 7590K, committed 7600K, reserved 1048576K
Event: 9.827 GC heap after
Heap after GC invocations=13 (full 2):
 PSYoungGen      total 256000K, used 11715K [0x00000000d6100000, 0x00000000eb380000, 0x0000000100000000)
  eden space 239104K, 0% used [0x00000000d6100000,0x00000000d6100000,0x00000000e4a80000)
  from space 16896K, 69% used [0x00000000e4a80000,0x00000000e55f0f20,0x00000000e5b00000)
  to   space 17408K, 0% used [0x00000000ea280000,0x00000000ea280000,0x00000000eb380000)
 ParOldGen       total 78336K, used 24041K [0x0000000082200000, 0x0000000086e80000, 0x00000000d6100000)
  object space 78336K, 30% used [0x0000000082200000,0x000000008397a488,0x0000000086e80000)
 Metaspace       used 53034K, capacity 56004K, committed 56232K, reserved 1097728K
  class space    used 7094K, capacity 7590K, committed 7600K, reserved 1048576K
}
Event: 10.508 GC heap before
{Heap before GC invocations=14 (full 2):
 PSYoungGen      total 256000K, used 123118K [0x00000000d6100000, 0x00000000eb380000, 0x0000000100000000)
  eden space 239104K, 46% used [0x00000000d6100000,0x00000000dcdcab10,0x00000000e4a80000)
  from space 16896K, 69% used [0x00000000e4a80000,0x00000000e55f0f20,0x00000000e5b00000)
  to   space 17408K, 0% used [0x00000000ea280000,0x00000000ea280000,0x00000000eb380000)
 ParOldGen       total 78336K, used 24041K [0x0000000082200000, 0x0000000086e80000, 0x00000000d6100000)
  object space 78336K, 30% used [0x0000000082200000,0x000000008397a488,0x0000000086e80000)
 Metaspace       used 55607K, capacity 59058K, committed 59160K, reserved 1099776K
  class space    used 7445K, capacity 8023K, committed 8112K, reserved 1048576K
Event: 10.523 GC heap after
Heap after GC invocations=14 (full 2):
 PSYoungGen      total 328192K, used 5594K [0x00000000d6100000, 0x00000000eb280000, 0x0000000100000000)
  eden space 311808K, 0% used [0x00000000d6100000,0x00000000d6100000,0x00000000e9180000)
  from space 16384K, 34% used [0x00000000ea280000,0x00000000ea7f6998,0x00000000eb280000)
  to   space 16896K, 0% used [0x00000000e9180000,0x00000000e9180000,0x00000000ea200000)
 ParOldGen       total 78336K, used 31269K [0x0000000082200000, 0x0000000086e80000, 0x00000000d6100000)
  object space 78336K, 39% used [0x0000000082200000,0x0000000084089660,0x0000000086e80000)
 Metaspace       used 55607K, capacity 59058K, committed 59160K, reserved 1099776K
  class space    used 7445K, capacity 8023K, committed 8112K, reserved 1048576K
}
Event: 10.523 GC heap before
{Heap before GC invocations=15 (full 3):
 PSYoungGen      total 328192K, used 5594K [0x00000000d6100000, 0x00000000eb280000, 0x0000000100000000)
  eden space 311808K, 0% used [0x00000000d6100000,0x00000000d6100000,0x00000000e9180000)
  from space 16384K, 34% used [0x00000000ea280000,0x00000000ea7f6998,0x00000000eb280000)
  to   space 16896K, 0% used [0x00000000e9180000,0x00000000e9180000,0x00000000ea200000)
 ParOldGen       total 78336K, used 31269K [0x0000000082200000, 0x0000000086e80000, 0x00000000d6100000)
  object space 78336K, 39% used [0x0000000082200000,0x0000000084089660,0x0000000086e80000)
 Metaspace       used 55607K, capacity 59058K, committed 59160K, reserved 1099776K
  class space    used 7445K, capacity 8023K, committed 8112K, reserved 1048576K
Event: 10.795 GC heap after
Heap after GC invocations=15 (full 3):
 PSYoungGen      total 328192K, used 0K [0x00000000d6100000, 0x00000000eb280000, 0x0000000100000000)
  eden space 311808K, 0% used [0x00000000d6100000,0x00000000d6100000,0x00000000e9180000)
  from space 16384K, 0% used [0x00000000ea280000,0x00000000ea280000,0x00000000eb280000)
  to   space 16896K, 0% used [0x00000000e9180000,0x00000000e9180000,0x00000000ea200000)
 ParOldGen       total 119296K, used 31977K [0x0000000082200000, 0x0000000089680000, 0x00000000d6100000)
  object space 119296K, 26% used [0x0000000082200000,0x000000008413a4b0,0x0000000089680000)
 Metaspace       used 55531K, capacity 58938K, committed 59160K, reserved 1099776K
  class space    used 7434K, capacity 8003K, committed 8112K, reserved 1048576K
}

