# JRE version: Java(TM) SE Runtime Environment (8.0_71-b15) (build 1.8.0_71-b15)
# Java VM: Java HotSpot(TM) 64-Bit Server VM (25.71-b15 mixed mode windows-amd64 compressed oops)
Heap:
 PSYoungGen      total 382976K, used 23768K [0x00000000d6100000, 0x00000000efb80000, 0x0000000100000000)
  eden space 365568K, 6% used [0x00000000d6100000,0x00000000d7836268,0x00000000ec600000)
  from space 17408K, 0% used [0x00000000ed700000,0x00000000ed700000,0x00000000ee800000)
  to   space 17408K, 0% used [0x00000000ec600000,0x00000000ec600000,0x00000000ed700000)
 ParOldGen       total 112128K, used 32257K [0x0000000082200000, 0x0000000088f80000, 0x00000000d6100000)
  object space 112128K, 28% used [0x0000000082200000,0x0000000084180740,0x0000000088f80000)
 Metaspace       used 56040K, capacity 59549K, committed 59952K, reserved 1101824K
  class space    used 7571K, capacity 8130K, committed 8240K, reserved 1048576K
GC Heap History (10 events):
Event: 6.802 GC heap before
{Heap before GC invocations=11 (full 2):
 PSYoungGen      total 217600K, used 9696K [0x00000000d6100000, 0x00000000e9b00000, 0x0000000100000000)
  eden space 204288K, 0% used [0x00000000d6100000,0x00000000d6100000,0x00000000e2880000)
  from space 13312K, 72% used [0x00000000e2880000,0x00000000e31f8388,0x00000000e3580000)
  to   space 13824K, 0% used [0x00000000e8d80000,0x00000000e8d80000,0x00000000e9b00000)
 ParOldGen       total 50688K, used 10837K [0x0000000082200000, 0x0000000085380000, 0x00000000d6100000)
  object space 50688K, 21% used [0x0000000082200000,0x0000000082c954d8,0x0000000085380000)
 Metaspace       used 33506K, capacity 35341K, committed 35496K, reserved 1081344K
  class space    used 4292K, capacity 4656K, committed 4656K, reserved 1048576K
Event: 6.890 GC heap after
Heap after GC invocations=11 (full 2):
 PSYoungGen      total 217600K, used 0K [0x00000000d6100000, 0x00000000e9b00000, 0x0000000100000000)
  eden space 204288K, 0% used [0x00000000d6100000,0x00000000d6100000,0x00000000e2880000)
  from space 13312K, 0% used [0x00000000e2880000,0x00000000e2880000,0x00000000e3580000)
  to   space 13824K, 0% used [0x00000000e8d80000,0x00000000e8d80000,0x00000000e9b00000)
 ParOldGen       total 73216K, used 16117K [0x0000000082200000, 0x0000000086980000, 0x00000000d6100000)
  object space 73216K, 22% used [0x0000000082200000,0x00000000831bd770,0x0000000086980000)
 Metaspace       used 33506K, capacity 35341K, committed 35496K, reserved 1081344K
  class space    used 4292K, capacity 4656K, committed 4656K, reserved 1048576K
}
Event: 8.888 GC heap before
{Heap before GC invocations=12 (full 2):
 PSYoungGen      total 217600K, used 204288K [0x00000000d6100000, 0x00000000e9b00000, 0x0000000100000000)
  eden space 204288K, 100% used [0x00000000d6100000,0x00000000e2880000,0x00000000e2880000)
  from space 13312K, 0% used [0x00000000e2880000,0x00000000e2880000,0x00000000e3580000)
  to   space 13824K, 0% used [0x00000000e8d80000,0x00000000e8d80000,0x00000000e9b00000)
 ParOldGen       total 73216K, used 16117K [0x0000000082200000, 0x0000000086980000, 0x00000000d6100000)
  object space 73216K, 22% used [0x0000000082200000,0x00000000831bd770,0x0000000086980000)
 Metaspace       used 47531K, capacity 49673K, committed 49840K, reserved 1091584K
  class space    used 6367K, capacity 6779K, committed 6832K, reserved 1048576K
Event: 8.906 GC heap after
Heap after GC invocations=12 (full 2):
 PSYoungGen      total 288768K, used 13809K [0x00000000d6100000, 0x00000000e9b00000, 0x0000000100000000)
  eden space 274944K, 0% used [0x00000000d6100000,0x00000000d6100000,0x00000000e6d80000)
  from space 13824K, 99% used [0x00000000e8d80000,0x00000000e9afc778,0x00000000e9b00000)
  to   space 17408K, 0% used [0x00000000e7900000,0x00000000e7900000,0x00000000e8a00000)
 ParOldGen       total 73216K, used 20170K [0x0000000082200000, 0x0000000086980000, 0x00000000d6100000)
  object space 73216K, 27% used [0x0000000082200000,0x00000000835b2b58,0x0000000086980000)
 Metaspace       used 47531K, capacity 49673K, committed 49840K, reserved 1091584K
  class space    used 6367K, capacity 6779K, committed 6832K, reserved 1048576K
}
Event: 10.290 GC heap before
{Heap before GC invocations=13 (full 2):
 PSYoungGen      total 288768K, used 288753K [0x00000000d6100000, 0x00000000e9b00000, 0x0000000100000000)
  eden space 274944K, 100% used [0x00000000d6100000,0x00000000e6d80000,0x00000000e6d80000)
  from space 13824K, 99% used [0x00000000e8d80000,0x00000000e9afc778,0x00000000e9b00000)
  to   space 17408K, 0% used [0x00000000e7900000,0x00000000e7900000,0x00000000e8a00000)
 ParOldGen       total 73216K, used 20170K [0x0000000082200000, 0x0000000086980000, 0x00000000d6100000)
  object space 73216K, 27% used [0x0000000082200000,0x00000000835b2b58,0x0000000086980000)
 Metaspace       used 53180K, capacity 56185K, committed 56240K, reserved 1097728K
  class space    used 7091K, capacity 7599K, committed 7600K, reserved 1048576K
Event: 10.310 GC heap after
Heap after GC invocations=13 (full 2):
 PSYoungGen      total 304128K, used 11250K [0x00000000d6100000, 0x00000000ee800000, 0x0000000100000000)
  eden space 286720K, 0% used [0x00000000d6100000,0x00000000d6100000,0x00000000e7900000)
  from space 17408K, 64% used [0x00000000e7900000,0x00000000e83fcae8,0x00000000e8a00000)
  to   space 17408K, 0% used [0x00000000ed700000,0x00000000ed700000,0x00000000ee800000)
 ParOldGen       total 73216K, used 26894K [0x0000000082200000, 0x0000000086980000, 0x00000000d6100000)
  object space 73216K, 36% used [0x0000000082200000,0x0000000083c43bf0,0x0000000086980000)
 Metaspace       used 53180K, capacity 56185K, committed 56240K, reserved 1097728K
  class space    used 7091K, capacity 7599K, committed 7600K, reserved 1048576K
}
Event: 10.796 GC heap before
{Heap before GC invocations=14 (full 2):
 PSYoungGen      total 304128K, used 67648K [0x00000000d6100000, 0x00000000ee800000, 0x0000000100000000)
  eden space 286720K, 19% used [0x00000000d6100000,0x00000000d9813590,0x00000000e7900000)
  from space 17408K, 64% used [0x00000000e7900000,0x00000000e83fcae8,0x00000000e8a00000)
  to   space 17408K, 0% used [0x00000000ed700000,0x00000000ed700000,0x00000000ee800000)
 ParOldGen       total 73216K, used 26894K [0x0000000082200000, 0x0000000086980000, 0x00000000d6100000)
  object space 73216K, 36% used [0x0000000082200000,0x0000000083c43bf0,0x0000000086980000)
 Metaspace       used 55629K, capacity 59059K, committed 59160K, reserved 1099776K
  class space    used 7485K, capacity 8052K, committed 8112K, reserved 1048576K
Event: 10.813 GC heap after
Heap after GC invocations=14 (full 2):
 PSYoungGen      total 382976K, used 4693K [0x00000000d6100000, 0x00000000efb80000, 0x0000000100000000)
  eden space 365568K, 0% used [0x00000000d6100000,0x00000000d6100000,0x00000000ec600000)
  from space 17408K, 26% used [0x00000000ed700000,0x00000000edb95790,0x00000000ee800000)
  to   space 17408K, 0% used [0x00000000ec600000,0x00000000ec600000,0x00000000ed700000)
 ParOldGen       total 73216K, used 34631K [0x0000000082200000, 0x0000000086980000, 0x00000000d6100000)
  object space 73216K, 47% used [0x0000000082200000,0x00000000843d1d98,0x0000000086980000)
 Metaspace       used 55629K, capacity 59059K, committed 59160K, reserved 1099776K
  class space    used 7485K, capacity 8052K, committed 8112K, reserved 1048576K
}
Event: 10.813 GC heap before
{Heap before GC invocations=15 (full 3):
 PSYoungGen      total 382976K, used 4693K [0x00000000d6100000, 0x00000000efb80000, 0x0000000100000000)
  eden space 365568K, 0% used [0x00000000d6100000,0x00000000d6100000,0x00000000ec600000)
  from space 17408K, 26% used [0x00000000ed700000,0x00000000edb95790,0x00000000ee800000)
  to   space 17408K, 0% used [0x00000000ec600000,0x00000000ec600000,0x00000000ed700000)
 ParOldGen       total 73216K, used 34631K [0x0000000082200000, 0x0000000086980000, 0x00000000d6100000)
  object space 73216K, 47% used [0x0000000082200000,0x00000000843d1d98,0x0000000086980000)
 Metaspace       used 55629K, capacity 59059K, committed 59160K, reserved 1099776K
  class space    used 7485K, capacity 8052K, committed 8112K, reserved 1048576K
Event: 11.065 GC heap after
Heap after GC invocations=15 (full 3):
 PSYoungGen      total 382976K, used 0K [0x00000000d6100000, 0x00000000efb80000, 0x0000000100000000)
  eden space 365568K, 0% used [0x00000000d6100000,0x00000000d6100000,0x00000000ec600000)
  from space 17408K, 0% used [0x00000000ed700000,0x00000000ed700000,0x00000000ee800000)
  to   space 17408K, 0% used [0x00000000ec600000,0x00000000ec600000,0x00000000ed700000)
 ParOldGen       total 112128K, used 32257K [0x0000000082200000, 0x0000000088f80000, 0x00000000d6100000)
  object space 112128K, 28% used [0x0000000082200000,0x0000000084180740,0x0000000088f80000)
 Metaspace       used 55553K, capacity 58939K, committed 59160K, reserved 1099776K
  class space    used 7473K, capacity 8032K, committed 8112K, reserved 1048576K
}

