# JRE version: Java(TM) SE Runtime Environment (8.0_71-b15) (build 1.8.0_71-b15)
# Java VM: Java HotSpot(TM) 64-Bit Server VM (25.71-b15 mixed mode windows-amd64 compressed oops)
Heap:
 PSYoungGen      total 303616K, used 18099K [0x00000000d6100000, 0x00000000ea180000, 0x0000000100000000)
  eden space 286720K, 6% used [0x00000000d6100000,0x00000000d72acda0,0x00000000e7900000)
  from space 16896K, 0% used [0x00000000e8a80000,0x00000000e8a80000,0x00000000e9b00000)
  to   space 17920K, 0% used [0x00000000e7900000,0x00000000e7900000,0x00000000e8a80000)
 ParOldGen       total 124928K, used 32371K [0x0000000082200000, 0x0000000089c00000, 0x00000000d6100000)
  object space 124928K, 25% used [0x0000000082200000,0x000000008419cf38,0x0000000089c00000)
 Metaspace       used 56024K, capacity 59577K, committed 59952K, reserved 1101824K
  class space    used 7578K, capacity 8162K, committed 8240K, reserved 1048576K
GC Heap History (10 events):
Event: 6.839 GC heap before
{Heap before GC invocations=11 (full 2):
 PSYoungGen      total 188928K, used 9732K [0x00000000d6100000, 0x00000000e6280000, 0x0000000100000000)
  eden space 175616K, 0% used [0x00000000d6100000,0x00000000d6100000,0x00000000e0c80000)
  from space 13312K, 73% used [0x00000000e0c80000,0x00000000e16010b0,0x00000000e1980000)
  to   space 13824K, 0% used [0x00000000e5500000,0x00000000e5500000,0x00000000e6280000)
 ParOldGen       total 54784K, used 10658K [0x0000000082200000, 0x0000000085780000, 0x00000000d6100000)
  object space 54784K, 19% used [0x0000000082200000,0x0000000082c689e8,0x0000000085780000)
 Metaspace       used 33505K, capacity 35345K, committed 35496K, reserved 1081344K
  class space    used 4295K, capacity 4656K, committed 4656K, reserved 1048576K
Event: 6.947 GC heap after
Heap after GC invocations=11 (full 2):
 PSYoungGen      total 188928K, used 0K [0x00000000d6100000, 0x00000000e6280000, 0x0000000100000000)
  eden space 175616K, 0% used [0x00000000d6100000,0x00000000d6100000,0x00000000e0c80000)
  from space 13312K, 0% used [0x00000000e0c80000,0x00000000e0c80000,0x00000000e1980000)
  to   space 13824K, 0% used [0x00000000e5500000,0x00000000e5500000,0x00000000e6280000)
 ParOldGen       total 82944K, used 16060K [0x0000000082200000, 0x0000000087300000, 0x00000000d6100000)
  object space 82944K, 19% used [0x0000000082200000,0x00000000831af348,0x0000000087300000)
 Metaspace       used 33505K, capacity 35345K, committed 35496K, reserved 1081344K
  class space    used 4295K, capacity 4656K, committed 4656K, reserved 1048576K
}
Event: 8.840 GC heap before
{Heap before GC invocations=12 (full 2):
 PSYoungGen      total 188928K, used 175616K [0x00000000d6100000, 0x00000000e6280000, 0x0000000100000000)
  eden space 175616K, 100% used [0x00000000d6100000,0x00000000e0c80000,0x00000000e0c80000)
  from space 13312K, 0% used [0x00000000e0c80000,0x00000000e0c80000,0x00000000e1980000)
  to   space 13824K, 0% used [0x00000000e5500000,0x00000000e5500000,0x00000000e6280000)
 ParOldGen       total 82944K, used 16060K [0x0000000082200000, 0x0000000087300000, 0x00000000d6100000)
  object space 82944K, 19% used [0x0000000082200000,0x00000000831af348,0x0000000087300000)
 Metaspace       used 46091K, capacity 48209K, committed 48560K, reserved 1091584K
  class space    used 6148K, capacity 6535K, committed 6576K, reserved 1048576K
Event: 8.859 GC heap after
Heap after GC invocations=12 (full 2):
 PSYoungGen      total 240128K, used 13803K [0x00000000d6100000, 0x00000000e6280000, 0x0000000100000000)
  eden space 226304K, 0% used [0x00000000d6100000,0x00000000d6100000,0x00000000e3e00000)
  from space 13824K, 99% used [0x00000000e5500000,0x00000000e627adc8,0x00000000e6280000)
  to   space 16384K, 0% used [0x00000000e4280000,0x00000000e4280000,0x00000000e5280000)
 ParOldGen       total 82944K, used 18211K [0x0000000082200000, 0x0000000087300000, 0x00000000d6100000)
  object space 82944K, 21% used [0x0000000082200000,0x00000000833c8e10,0x0000000087300000)
 Metaspace       used 46091K, capacity 48209K, committed 48560K, reserved 1091584K
  class space    used 6148K, capacity 6535K, committed 6576K, reserved 1048576K
}
Event: 10.280 GC heap before
{Heap before GC invocations=13 (full 2):
 PSYoungGen      total 240128K, used 240107K [0x00000000d6100000, 0x00000000e6280000, 0x0000000100000000)
  eden space 226304K, 100% used [0x00000000d6100000,0x00000000e3e00000,0x00000000e3e00000)
  from space 13824K, 99% used [0x00000000e5500000,0x00000000e627adc8,0x00000000e6280000)
  to   space 16384K, 0% used [0x00000000e4280000,0x00000000e4280000,0x00000000e5280000)
 ParOldGen       total 82944K, used 18211K [0x0000000082200000, 0x0000000087300000, 0x00000000d6100000)
  object space 82944K, 21% used [0x0000000082200000,0x00000000833c8e10,0x0000000087300000)
 Metaspace       used 52692K, capacity 55603K, committed 55728K, reserved 1097728K
  class space    used 7057K, capacity 7550K, committed 7600K, reserved 1048576K
Event: 10.300 GC heap after
Heap after GC invocations=13 (full 2):
 PSYoungGen      total 247296K, used 11289K [0x00000000d6100000, 0x00000000e9b00000, 0x0000000100000000)
  eden space 230912K, 0% used [0x00000000d6100000,0x00000000d6100000,0x00000000e4280000)
  from space 16384K, 68% used [0x00000000e4280000,0x00000000e4d86678,0x00000000e5280000)
  to   space 16896K, 0% used [0x00000000e8a80000,0x00000000e8a80000,0x00000000e9b00000)
 ParOldGen       total 82944K, used 24039K [0x0000000082200000, 0x0000000087300000, 0x00000000d6100000)
  object space 82944K, 28% used [0x0000000082200000,0x0000000083979ca0,0x0000000087300000)
 Metaspace       used 52692K, capacity 55603K, committed 55728K, reserved 1097728K
  class space    used 7057K, capacity 7550K, committed 7600K, reserved 1048576K
}
Event: 11.151 GC heap before
{Heap before GC invocations=14 (full 2):
 PSYoungGen      total 247296K, used 140457K [0x00000000d6100000, 0x00000000e9b00000, 0x0000000100000000)
  eden space 230912K, 55% used [0x00000000d6100000,0x00000000ddf23ff0,0x00000000e4280000)
  from space 16384K, 68% used [0x00000000e4280000,0x00000000e4d86678,0x00000000e5280000)
  to   space 16896K, 0% used [0x00000000e8a80000,0x00000000e8a80000,0x00000000e9b00000)
 ParOldGen       total 82944K, used 24039K [0x0000000082200000, 0x0000000087300000, 0x00000000d6100000)
  object space 82944K, 28% used [0x0000000082200000,0x0000000083979ca0,0x0000000087300000)
 Metaspace       used 55633K, capacity 59077K, committed 59160K, reserved 1099776K
  class space    used 7491K, capacity 8055K, committed 8112K, reserved 1048576K
Event: 11.170 GC heap after
Heap after GC invocations=14 (full 2):
 PSYoungGen      total 303616K, used 13369K [0x00000000d6100000, 0x00000000ea180000, 0x0000000100000000)
  eden space 286720K, 0% used [0x00000000d6100000,0x00000000d6100000,0x00000000e7900000)
  from space 16896K, 79% used [0x00000000e8a80000,0x00000000e978e440,0x00000000e9b00000)
  to   space 17920K, 0% used [0x00000000e7900000,0x00000000e7900000,0x00000000e8a80000)
 ParOldGen       total 82944K, used 24047K [0x0000000082200000, 0x0000000087300000, 0x00000000d6100000)
  object space 82944K, 28% used [0x0000000082200000,0x000000008397bca0,0x0000000087300000)
 Metaspace       used 55633K, capacity 59077K, committed 59160K, reserved 1099776K
  class space    used 7491K, capacity 8055K, committed 8112K, reserved 1048576K
}
Event: 11.170 GC heap before
{Heap before GC invocations=15 (full 3):
 PSYoungGen      total 303616K, used 13369K [0x00000000d6100000, 0x00000000ea180000, 0x0000000100000000)
  eden space 286720K, 0% used [0x00000000d6100000,0x00000000d6100000,0x00000000e7900000)
  from space 16896K, 79% used [0x00000000e8a80000,0x00000000e978e440,0x00000000e9b00000)
  to   space 17920K, 0% used [0x00000000e7900000,0x00000000e7900000,0x00000000e8a80000)
 ParOldGen       total 82944K, used 24047K [0x0000000082200000, 0x0000000087300000, 0x00000000d6100000)
  object space 82944K, 28% used [0x0000000082200000,0x000000008397bca0,0x0000000087300000)
 Metaspace       used 55633K, capacity 59077K, committed 59160K, reserved 1099776K
  class space    used 7491K, capacity 8055K, committed 8112K, reserved 1048576K
Event: 11.426 GC heap after
Heap after GC invocations=15 (full 3):
 PSYoungGen      total 303616K, used 0K [0x00000000d6100000, 0x00000000ea180000, 0x0000000100000000)
  eden space 286720K, 0% used [0x00000000d6100000,0x00000000d6100000,0x00000000e7900000)
  from space 16896K, 0% used [0x00000000e8a80000,0x00000000e8a80000,0x00000000e9b00000)
  to   space 17920K, 0% used [0x00000000e7900000,0x00000000e7900000,0x00000000e8a80000)
 ParOldGen       total 124928K, used 32371K [0x0000000082200000, 0x0000000089c00000, 0x00000000d6100000)
  object space 124928K, 25% used [0x0000000082200000,0x000000008419cf38,0x0000000089c00000)
 Metaspace       used 55558K, capacity 58957K, committed 59160K, reserved 1099776K
  class space    used 7480K, capacity 8035K, committed 8112K, reserved 1048576K
}

