# JRE version: Java(TM) SE Runtime Environment (8.0_71-b15) (build 1.8.0_71-b15)
# Java VM: Java HotSpot(TM) 64-Bit Server VM (25.71-b15 mixed mode windows-amd64 compressed oops)
Heap:
 PSYoungGen      total 439296K, used 32127K [0x00000000d6100000, 0x00000000f4000000, 0x0000000100000000)
  eden space 420864K, 7% used [0x00000000d6100000,0x00000000d805fc08,0x00000000efc00000)
  from space 18432K, 0% used [0x00000000f0e00000,0x00000000f0e00000,0x00000000f2000000)
  to   space 18432K, 0% used [0x00000000efc00000,0x00000000efc00000,0x00000000f0e00000)
 ParOldGen       total 99328K, used 31531K [0x0000000082200000, 0x0000000088300000, 0x00000000d6100000)
  object space 99328K, 31% used [0x0000000082200000,0x00000000840caec8,0x0000000088300000)
 Metaspace       used 56242K, capacity 59770K, committed 59944K, reserved 1101824K
  class space    used 7619K, capacity 8202K, committed 8240K, reserved 1048576K
GC Heap History (10 events):
Event: 24.632 GC heap before
{Heap before GC invocations=11 (full 2):
 PSYoungGen      total 238592K, used 9701K [0x00000000d6100000, 0x00000000ec980000, 0x0000000100000000)
  eden space 224768K, 0% used [0x00000000d6100000,0x00000000d6100000,0x00000000e3c80000)
  from space 13824K, 70% used [0x00000000e3c80000,0x00000000e45f9690,0x00000000e4a00000)
  to   space 14336K, 0% used [0x00000000ebb80000,0x00000000ebb80000,0x00000000ec980000)
 ParOldGen       total 48640K, used 11054K [0x0000000082200000, 0x0000000085180000, 0x00000000d6100000)
  object space 48640K, 22% used [0x0000000082200000,0x0000000082ccbac0,0x0000000085180000)
 Metaspace       used 33418K, capacity 35292K, committed 35496K, reserved 1079296K
  class space    used 4327K, capacity 4674K, committed 4784K, reserved 1048576K
Event: 24.744 GC heap after
Heap after GC invocations=11 (full 2):
 PSYoungGen      total 238592K, used 0K [0x00000000d6100000, 0x00000000ec980000, 0x0000000100000000)
  eden space 224768K, 0% used [0x00000000d6100000,0x00000000d6100000,0x00000000e3c80000)
  from space 13824K, 0% used [0x00000000e3c80000,0x00000000e3c80000,0x00000000e4a00000)
  to   space 14336K, 0% used [0x00000000ebb80000,0x00000000ebb80000,0x00000000ec980000)
 ParOldGen       total 67072K, used 15995K [0x0000000082200000, 0x0000000086380000, 0x00000000d6100000)
  object space 67072K, 23% used [0x0000000082200000,0x000000008319eef0,0x0000000086380000)
 Metaspace       used 33418K, capacity 35292K, committed 35496K, reserved 1079296K
  class space    used 4327K, capacity 4674K, committed 4784K, reserved 1048576K
}
Event: 41.646 GC heap before
{Heap before GC invocations=12 (full 2):
 PSYoungGen      total 238592K, used 224768K [0x00000000d6100000, 0x00000000ec980000, 0x0000000100000000)
  eden space 224768K, 100% used [0x00000000d6100000,0x00000000e3c80000,0x00000000e3c80000)
  from space 13824K, 0% used [0x00000000e3c80000,0x00000000e3c80000,0x00000000e4a00000)
  to   space 14336K, 0% used [0x00000000ebb80000,0x00000000ebb80000,0x00000000ec980000)
 ParOldGen       total 67072K, used 15995K [0x0000000082200000, 0x0000000086380000, 0x00000000d6100000)
  object space 67072K, 23% used [0x0000000082200000,0x000000008319eef0,0x0000000086380000)
 Metaspace       used 47515K, capacity 49616K, committed 49832K, reserved 1091584K
  class space    used 6363K, capacity 6772K, committed 6832K, reserved 1048576K
Event: 41.664 GC heap after
Heap after GC invocations=12 (full 2):
 PSYoungGen      total 325632K, used 14328K [0x00000000d6100000, 0x00000000ec980000, 0x0000000100000000)
  eden space 311296K, 0% used [0x00000000d6100000,0x00000000d6100000,0x00000000e9100000)
  from space 14336K, 99% used [0x00000000ebb80000,0x00000000ec97e188,0x00000000ec980000)
  to   space 17408K, 0% used [0x00000000ea780000,0x00000000ea780000,0x00000000eb880000)
 ParOldGen       total 67072K, used 19555K [0x0000000082200000, 0x0000000086380000, 0x00000000d6100000)
  object space 67072K, 29% used [0x0000000082200000,0x0000000083518dd8,0x0000000086380000)
 Metaspace       used 47515K, capacity 49616K, committed 49832K, reserved 1091584K
  class space    used 6363K, capacity 6772K, committed 6832K, reserved 1048576K
}
Event: 48.667 GC heap before
{Heap before GC invocations=13 (full 2):
 PSYoungGen      total 325632K, used 325624K [0x00000000d6100000, 0x00000000ec980000, 0x0000000100000000)
  eden space 311296K, 100% used [0x00000000d6100000,0x00000000e9100000,0x00000000e9100000)
  from space 14336K, 99% used [0x00000000ebb80000,0x00000000ec97e188,0x00000000ec980000)
  to   space 17408K, 0% used [0x00000000ea780000,0x00000000ea780000,0x00000000eb880000)
 ParOldGen       total 67072K, used 19555K [0x0000000082200000, 0x0000000086380000, 0x00000000d6100000)
  object space 67072K, 29% used [0x0000000082200000,0x0000000083518dd8,0x0000000086380000)
 Metaspace       used 54100K, capacity 57324K, committed 57512K, reserved 1099776K
  class space    used 7235K, capacity 7798K, committed 7856K, reserved 1048576K
Event: 48.691 GC heap after
Heap after GC invocations=13 (full 2):
 PSYoungGen      total 351744K, used 12767K [0x00000000d6100000, 0x00000000f2000000, 0x0000000100000000)
  eden space 334336K, 0% used [0x00000000d6100000,0x00000000d6100000,0x00000000ea780000)
  from space 17408K, 73% used [0x00000000ea780000,0x00000000eb3f7c58,0x00000000eb880000)
  to   space 18432K, 0% used [0x00000000f0e00000,0x00000000f0e00000,0x00000000f2000000)
 ParOldGen       total 67072K, used 26162K [0x0000000082200000, 0x0000000086380000, 0x00000000d6100000)
  object space 67072K, 39% used [0x0000000082200000,0x0000000083b8cad0,0x0000000086380000)
 Metaspace       used 54100K, capacity 57324K, committed 57512K, reserved 1099776K
  class space    used 7235K, capacity 7798K, committed 7856K, reserved 1048576K
}
Event: 49.869 GC heap before
{Heap before GC invocations=14 (full 2):
 PSYoungGen      total 351744K, used 46729K [0x00000000d6100000, 0x00000000f2000000, 0x0000000100000000)
  eden space 334336K, 10% used [0x00000000d6100000,0x00000000d822aa60,0x00000000ea780000)
  from space 17408K, 73% used [0x00000000ea780000,0x00000000eb3f7c58,0x00000000eb880000)
  to   space 18432K, 0% used [0x00000000f0e00000,0x00000000f0e00000,0x00000000f2000000)
 ParOldGen       total 67072K, used 26162K [0x0000000082200000, 0x0000000086380000, 0x00000000d6100000)
  object space 67072K, 39% used [0x0000000082200000,0x0000000083b8cad0,0x0000000086380000)
 Metaspace       used 55580K, capacity 59040K, committed 59160K, reserved 1099776K
  class space    used 7451K, capacity 8024K, committed 8112K, reserved 1048576K
Event: 49.885 GC heap after
Heap after GC invocations=14 (full 2):
 PSYoungGen      total 439296K, used 2989K [0x00000000d6100000, 0x00000000f4000000, 0x0000000100000000)
  eden space 420864K, 0% used [0x00000000d6100000,0x00000000d6100000,0x00000000efc00000)
  from space 18432K, 16% used [0x00000000f0e00000,0x00000000f10eb4d8,0x00000000f2000000)
  to   space 18432K, 0% used [0x00000000efc00000,0x00000000efc00000,0x00000000f0e00000)
 ParOldGen       total 67072K, used 34931K [0x0000000082200000, 0x0000000086380000, 0x00000000d6100000)
  object space 67072K, 52% used [0x0000000082200000,0x000000008441cc98,0x0000000086380000)
 Metaspace       used 55580K, capacity 59040K, committed 59160K, reserved 1099776K
  class space    used 7451K, capacity 8024K, committed 8112K, reserved 1048576K
}
Event: 49.885 GC heap before
{Heap before GC invocations=15 (full 3):
 PSYoungGen      total 439296K, used 2989K [0x00000000d6100000, 0x00000000f4000000, 0x0000000100000000)
  eden space 420864K, 0% used [0x00000000d6100000,0x00000000d6100000,0x00000000efc00000)
  from space 18432K, 16% used [0x00000000f0e00000,0x00000000f10eb4d8,0x00000000f2000000)
  to   space 18432K, 0% used [0x00000000efc00000,0x00000000efc00000,0x00000000f0e00000)
 ParOldGen       total 67072K, used 34931K [0x0000000082200000, 0x0000000086380000, 0x00000000d6100000)
  object space 67072K, 52% used [0x0000000082200000,0x000000008441cc98,0x0000000086380000)
 Metaspace       used 55580K, capacity 59040K, committed 59160K, reserved 1099776K
  class space    used 7451K, capacity 8024K, committed 8112K, reserved 1048576K
Event: 50.138 GC heap after
Heap after GC invocations=15 (full 3):
 PSYoungGen      total 439296K, used 0K [0x00000000d6100000, 0x00000000f4000000, 0x0000000100000000)
  eden space 420864K, 0% used [0x00000000d6100000,0x00000000d6100000,0x00000000efc00000)
  from space 18432K, 0% used [0x00000000f0e00000,0x00000000f0e00000,0x00000000f2000000)
  to   space 18432K, 0% used [0x00000000efc00000,0x00000000efc00000,0x00000000f0e00000)
 ParOldGen       total 99328K, used 31531K [0x0000000082200000, 0x0000000088300000, 0x00000000d6100000)
  object space 99328K, 31% used [0x0000000082200000,0x00000000840caec8,0x0000000088300000)
 Metaspace       used 55504K, capacity 58920K, committed 59160K, reserved 1099776K
  class space    used 7440K, capacity 8004K, committed 8112K, reserved 1048576K
}

